<?xml version="1.0" encoding="UTF-8"?>
<!-- Generated by org.testng.reporters.JUnitReportReporter -->
<testsuite skipped="0" hostname="BLRKEC103576L" name="searchUIFunctionality.GoogleSearch" tests="1" failures="0" timestamp="04 May 2019 18:04:37 GMT" time="8.502" errors="0">
  <testcase name="locateSearchBar" time="8.502" classname="searchUIFunctionality.GoogleSearch"/>
</testsuite> <!-- searchUIFunctionality.GoogleSearch -->
