<?xml version="1.0" encoding="UTF-8"?>
<!-- Generated by org.testng.reporters.JUnitReportReporter -->
<testsuite skipped="0" hostname="BLRKEC103576L" name="searchUIFunctionality.ClearSearch" tests="1" failures="0" timestamp="04 May 2019 17:31:00 GMT" time="28.095" errors="0">
  <testcase name="clearStringandSendNewString" time="28.095" classname="searchUIFunctionality.ClearSearch"/>
</testsuite> <!-- searchUIFunctionality.ClearSearch -->
